<?xml version="1.0" encoding="UTF-8"?>
<!-- Generated by org.testng.reporters.JUnitReportReporter -->
<testsuite hostname="BLRLW3674" name="com.atuldwivedi.testng.beginner.group.GroupTest" tests="1" failures="0" timestamp="7 Sep 2016 12:14:49 GMT" time="0.018" errors="0">
  <testcase name="testMethod3" time="0.018" classname="com.atuldwivedi.testng.beginner.group.GroupTest"/>
</testsuite> <!-- com.atuldwivedi.testng.beginner.group.GroupTest -->
