<?xml version="1.0" encoding="UTF-8"?>
<!-- Generated by org.testng.reporters.JUnitReportReporter -->
<testsuite hostname="BLRLW3674" name="com.atuldwivedi.testng.beginner.group.Five" tests="2" failures="0" timestamp="9 Sep 2016 09:35:11 GMT" time="0.010" errors="0">
  <testcase name="testOne" time="0.004" classname="com.atuldwivedi.testng.beginner.group.Five"/>
  <testcase name="testTwo" time="0.006" classname="com.atuldwivedi.testng.beginner.group.Five"/>
</testsuite> <!-- com.atuldwivedi.testng.beginner.group.Five -->
