<?xml version="1.0" encoding="UTF-8"?>
<!-- Generated by org.testng.reporters.JUnitReportReporter -->
<testsuite hostname="BLRLW3674" name="com.atuldwivedi.testng.beginner.group.MetaGroupsTest" tests="4" failures="0" timestamp="8 Sep 2016 16:43:54 GMT" time="0.015" errors="0">
  <testcase name="testEndToEndOnWindows" time="0.015" classname="com.atuldwivedi.testng.beginner.group.MetaGroupsTest"/>
  <testcase name="testRegression" time="0.000" classname="com.atuldwivedi.testng.beginner.group.MetaGroupsTest"/>
  <testcase name="testEndToEndOnLinux" time="0.000" classname="com.atuldwivedi.testng.beginner.group.MetaGroupsTest"/>
  <testcase name="testAcceptance" time="0.000" classname="com.atuldwivedi.testng.beginner.group.MetaGroupsTest"/>
</testsuite> <!-- com.atuldwivedi.testng.beginner.group.MetaGroupsTest -->
