<?xml version="1.0" encoding="UTF-8"?>
<!-- Generated by org.testng.reporters.JUnitReportReporter -->
<testsuite hostname="BLRLW3674" name="com.atuldwivedi.testng.beginner.helloworld.TestRandomNumberGenerator" tests="1" failures="0" timestamp="9 Sep 2016 09:36:22 GMT" time="0.007" errors="0">
  <testcase name="testGenerateFourDigitPin" time="0.007" classname="com.atuldwivedi.testng.beginner.helloworld.TestRandomNumberGenerator"/>
</testsuite> <!-- com.atuldwivedi.testng.beginner.helloworld.TestRandomNumberGenerator -->
