<?xml version="1.0" encoding="UTF-8"?>
<!-- Generated by org.testng.reporters.JUnitReportReporter -->
<testsuite hostname="BLRLW3674" name="com.atuldwivedi.testng.beginner.annotation.beforeandafter.method.BeforeAndAfterMethodTest" tests="3" failures="0" timestamp="11 Aug 2016 16:51:58 GMT" time="0.016" errors="0">
  <testcase name="testMethod2" time="0.016" classname="com.atuldwivedi.testng.beginner.annotation.beforeandafter.method.BeforeAndAfterMethodTest"/>
  <testcase name="testMethod1" time="0.000" classname="com.atuldwivedi.testng.beginner.annotation.beforeandafter.method.BeforeAndAfterMethodTest"/>
  <testcase name="testMethod3" time="0.000" classname="com.atuldwivedi.testng.beginner.annotation.beforeandafter.method.BeforeAndAfterMethodTest"/>
</testsuite> <!-- com.atuldwivedi.testng.beginner.annotation.beforeandafter.method.BeforeAndAfterMethodTest -->
