<?xml version="1.0" encoding="UTF-8"?>
<!-- Generated by org.testng.reporters.JUnitReportReporter -->
<testsuite hostname="BLRLW3674" name="com.atuldwivedi.testng.beginner.helloworld.PopulateBorrowerTestClass2" tests="1" failures="0" timestamp="16 Sep 2016 18:27:01 GMT" time="0.010" errors="0">
  <testcase name="PopulateBorrower" time="0.010" classname="com.atuldwivedi.testng.beginner.helloworld.PopulateBorrowerTestClass2"/>
</testsuite> <!-- com.atuldwivedi.testng.beginner.helloworld.PopulateBorrowerTestClass2 -->
