<?xml version="1.0" encoding="UTF-8"?>
<!-- Generated by org.testng.reporters.JUnitReportReporter -->
<testsuite hostname="BLRLW3674" name="com.atuldwivedi.testng.beginner.SampleTest" tests="1" failures="0" timestamp="9 May 2014 05:38:40 GMT" time="0.010" errors="0">
  <testcase name="testPrintMessage" time="0.010" classname="com.atuldwivedi.testng.beginner.SampleTest"/>
</testsuite> <!-- com.atuldwivedi.testng.beginner.SampleTest -->
