<?xml version="1.0" encoding="UTF-8"?>
<!-- Generated by org.testng.reporters.JUnitReportReporter -->
<testsuite hostname="BLRLW3674" name="com.atuldwivedi.testng.beginner.SimpleTest" tests="2" failures="0" timestamp="9 May 2014 05:48:21 GMT" time="0.006" errors="0">
  <testcase name="aFastTest" time="0.005" classname="com.atuldwivedi.testng.beginner.SimpleTest"/>
  <testcase name="aSlowTest" time="0.001" classname="com.atuldwivedi.testng.beginner.SimpleTest"/>
</testsuite> <!-- com.atuldwivedi.testng.beginner.SimpleTest -->
